<?xml version="1.0" encoding="UTF-8"?>
<!-- Generated by org.testng.reporters.JUnitXMLReporter -->
<testsuite hostname="DESKTOP-P9JO6DF" name="Test" tests="1" failures="1" timestamp="23 Sep 2020 05:05:53 GMT" time="30.151" errors="0">
  <testcase name="checkLogin" time="9.589" classname="com.org.orageHrm.test.LoginPageTest">
    <failure type="java.lang.AssertionError" message="The following asserts failed:
	expected [true] but found [false]">
      <![CDATA[java.lang.AssertionError: The following asserts failed:
	expected [true] but found [false]
	at com.org.orageHrm.test.LoginPageTest.checkLogin(LoginPageTest.java:93)
... Removed 25 stack frames]]>
    </failure>
  </testcase> <!-- checkLogin -->
</testsuite> <!-- Test -->
